[debug] [2023-06-05T06:11:57.218Z] ----------------------------------------------------------------------
[debug] [2023-06-05T06:11:57.220Z] Command:       C:\Program Files\nodejs\node.exe C:\Users\danib\AppData\Roaming\npm\node_modules\firebase-tools\lib\bin\firebase.js login
[debug] [2023-06-05T06:11:57.220Z] CLI Version:   12.3.0
[debug] [2023-06-05T06:11:57.221Z] Platform:      win32
[debug] [2023-06-05T06:11:57.221Z] Node Version:  v18.16.0
[debug] [2023-06-05T06:11:57.227Z] Time:          Mon Jun 05 2023 08:11:57 GMT+0200 (hora de verano de Europa central)
[debug] [2023-06-05T06:11:57.228Z] ----------------------------------------------------------------------
[debug] 
[info] i  Firebase optionally collects CLI and Emulator Suite usage and error reporting information to help improve our products. Data is collected in accordance with Google's privacy policy (https://policies.google.com/privacy) and is not used to identify you.
 
[info] i  To change your data collection preference at any time, run `firebase logout` and log in again. 
[info] 
[info] Visit this URL on this device to log in:
[info] https://accounts.google.com/o/oauth2/auth?client_id=563584335869-fgrhgmd47bqnekij5i8b5pr03ho849e6.apps.googleusercontent.com&scope=email%20openid%20https%3A%2F%2Fwww.googleapis.com%2Fauth%2Fcloudplatformprojects.readonly%20https%3A%2F%2Fwww.googleapis.com%2Fauth%2Ffirebase%20https%3A%2F%2Fwww.googleapis.com%2Fauth%2Fcloud-platform&response_type=code&state=487228082&redirect_uri=http%3A%2F%2Flocalhost%3A9005
[info] 
[info] Waiting for authentication...
[debug] [2023-06-05T06:11:59.255Z] Error: spawn cmd ENOENT
    at ChildProcess._handle.onexit (node:internal/child_process:283:19)
    at onErrorNT (node:internal/child_process:476:16)
    at process.processTicksAndRejections (node:internal/process/task_queues:82:21)
[error] 
[error] Error: An unexpected error has occurred.
